<?xml version="1.0" encoding="UTF-8"?>
<testng-results skipped="0" failed="2" total="6" passed="4">
  <reporter-output>
  </reporter-output>
  <suite name="Suite" duration-ms="60574" started-at="2017-06-06T11:05:43Z" finished-at="2017-06-06T11:06:44Z">
    <groups>
    </groups>
    <test name="MSM8926" duration-ms="60574" started-at="2017-06-06T11:05:43Z" finished-at="2017-06-06T11:06:44Z">
      <class name="com.moji.appium.testcases.testmoji">
        <test-method status="PASS" signature="setUp()[pri:0, instance:com.moji.appium.testcases.testmoji@28d25987]" name="setUp" is-config="true" duration-ms="19255" started-at="2017-06-06T19:05:43Z" finished-at="2017-06-06T19:06:02Z">
          <reporter-output>
          </reporter-output>
        </test-method> <!-- setUp -->
        <test-method status="PASS" signature="testLogin()[pri:0, instance:com.moji.appium.testcases.testmoji@28d25987]" name="testLogin" duration-ms="209" started-at="2017-06-06T19:06:02Z" finished-at="2017-06-06T19:06:03Z">
          <reporter-output>
          </reporter-output>
        </test-method> <!-- testLogin -->
        <test-method status="FAIL" signature="testSettings()[pri:0, instance:com.moji.appium.testcases.testmoji@28d25987]" name="testSettings" duration-ms="3999" started-at="2017-06-06T19:06:03Z" finished-at="2017-06-06T19:06:07Z">
          <exception class="org.openqa.selenium.NoSuchElementException">
            <message>
              <![CDATA[An element could not be located on the page using the given search parameters. (WARNING: The server did not provide any stacktrace information)
Command duration or timeout: 4.00 seconds
For documentation on this error, please visit: http://seleniumhq.org/exceptions/no_such_element.html
Build info: version: '2.53.0', revision: '35ae25b1534ae328c771e0856c93e187490ca824', time: '2016-03-15 10:43:46'
System info: host: 'px-PC', ip: '192.168.42.84', os.name: 'Windows 7', os.arch: 'amd64', os.version: '6.1', java.version: '1.8.0_131'
Driver info: com.moji.appium.base.AndroidDriverBase
Capabilities [{appPackage=com.moji.mjweather, noReset=true, deviceName=MSM8926, platform=LINUX, deviceUDID=MSM8926, desired={appPackage=com.moji.mjweather, appActivity=LauncherActivity, app=g:\apps\moji.apk, noReset=true, noSign=true, newCommandTimeout=600, unicodeKeyboard=true, udid=MSM8926, platformName=Android, deviceName=MSM8926, resetKeyboard=true}, newCommandTimeout=600, platformVersion=4.3, webStorageEnabled=false, takesScreenshot=true, javascriptEnabled=true, unicodeKeyboard=true, udid=MSM8926, platformName=Android, deviceManufacturer=ZTE, resetKeyboard=true, app=g:\apps\moji.apk, deviceScreenSize=720x1280, networkConnectionEnabled=true, noSign=true, warnings={}, databaseEnabled=false, appActivity=LauncherActivity, locationContextEnabled=false, deviceModel=N9180}]
Session ID: ea7dfe6d-4421-4ad2-a104-9fd9b2974d56
*** Element info: {Using=id, value=Settings}]]>
            </message>
            <full-stacktrace>
              <![CDATA[org.openqa.selenium.NoSuchElementException: An element could not be located on the page using the given search parameters. (WARNING: The server did not provide any stacktrace information)
Command duration or timeout: 4.00 seconds
For documentation on this error, please visit: http://seleniumhq.org/exceptions/no_such_element.html
Build info: version: '2.53.0', revision: '35ae25b1534ae328c771e0856c93e187490ca824', time: '2016-03-15 10:43:46'
System info: host: 'px-PC', ip: '192.168.42.84', os.name: 'Windows 7', os.arch: 'amd64', os.version: '6.1', java.version: '1.8.0_131'
Driver info: com.moji.appium.base.AndroidDriverBase
Capabilities [{appPackage=com.moji.mjweather, noReset=true, deviceName=MSM8926, platform=LINUX, deviceUDID=MSM8926, desired={appPackage=com.moji.mjweather, appActivity=LauncherActivity, app=g:\apps\moji.apk, noReset=true, noSign=true, newCommandTimeout=600, unicodeKeyboard=true, udid=MSM8926, platformName=Android, deviceName=MSM8926, resetKeyboard=true}, newCommandTimeout=600, platformVersion=4.3, webStorageEnabled=false, takesScreenshot=true, javascriptEnabled=true, unicodeKeyboard=true, udid=MSM8926, platformName=Android, deviceManufacturer=ZTE, resetKeyboard=true, app=g:\apps\moji.apk, deviceScreenSize=720x1280, networkConnectionEnabled=true, noSign=true, warnings={}, databaseEnabled=false, appActivity=LauncherActivity, locationContextEnabled=false, deviceModel=N9180}]
Session ID: ea7dfe6d-4421-4ad2-a104-9fd9b2974d56
*** Element info: {Using=id, value=Settings}
	at sun.reflect.NativeConstructorAccessorImpl.newInstance0(Native Method)
	at sun.reflect.NativeConstructorAccessorImpl.newInstance(Unknown Source)
	at sun.reflect.DelegatingConstructorAccessorImpl.newInstance(Unknown Source)
	at java.lang.reflect.Constructor.newInstance(Unknown Source)
	at org.openqa.selenium.remote.ErrorHandler.createThrowable(ErrorHandler.java:206)
	at org.openqa.selenium.remote.ErrorHandler.throwIfResponseFailed(ErrorHandler.java:158)
	at org.openqa.selenium.remote.RemoteWebDriver.execute(RemoteWebDriver.java:678)
	at io.appium.java_client.DefaultGenericMobileDriver.execute(DefaultGenericMobileDriver.java:43)
	at io.appium.java_client.AppiumDriver.execute(AppiumDriver.java:1)
	at io.appium.java_client.android.AndroidDriver.execute(AndroidDriver.java:1)
	at com.moji.appium.base.AndroidDriverBase.execute(AndroidDriverBase.java:1)
	at org.openqa.selenium.remote.RemoteWebDriver.findElement(RemoteWebDriver.java:363)
	at org.openqa.selenium.remote.RemoteWebDriver.findElementById(RemoteWebDriver.java:413)
	at io.appium.java_client.DefaultGenericMobileDriver.findElementById(DefaultGenericMobileDriver.java:59)
	at io.appium.java_client.AppiumDriver.findElementById(AppiumDriver.java:1)
	at io.appium.java_client.android.AndroidDriver.findElementById(AndroidDriver.java:1)
	at com.moji.appium.base.AndroidDriverBase.findElementById(AndroidDriverBase.java:1)
	at com.moji.appium.testcases.testmoji.testSettings(testmoji.java:33)
	at sun.reflect.NativeMethodAccessorImpl.invoke0(Native Method)
	at sun.reflect.NativeMethodAccessorImpl.invoke(Unknown Source)
	at sun.reflect.DelegatingMethodAccessorImpl.invoke(Unknown Source)
	at java.lang.reflect.Method.invoke(Unknown Source)
	at org.testng.internal.MethodInvocationHelper.invokeMethod(MethodInvocationHelper.java:86)
	at org.testng.internal.Invoker.invokeMethod(Invoker.java:643)
	at org.testng.internal.Invoker.invokeTestMethod(Invoker.java:820)
	at org.testng.internal.Invoker.invokeTestMethods(Invoker.java:1128)
	at org.testng.internal.TestMethodWorker.invokeTestMethods(TestMethodWorker.java:129)
	at org.testng.internal.TestMethodWorker.run(TestMethodWorker.java:112)
	at org.testng.TestRunner.privateRun(TestRunner.java:782)
	at org.testng.TestRunner.run(TestRunner.java:632)
	at org.testng.SuiteRunner.runTest(SuiteRunner.java:366)
	at org.testng.SuiteRunner.access$000(SuiteRunner.java:39)
	at org.testng.SuiteRunner$SuiteWorker.run(SuiteRunner.java:400)
	at org.testng.internal.thread.ThreadUtil$2.call(ThreadUtil.java:64)
	at java.util.concurrent.FutureTask.run(Unknown Source)
	at java.util.concurrent.ThreadPoolExecutor.runWorker(Unknown Source)
	at java.util.concurrent.ThreadPoolExecutor$Worker.run(Unknown Source)
	at java.lang.Thread.run(Unknown Source)
]]>
            </full-stacktrace>
          </exception> <!-- org.openqa.selenium.NoSuchElementException -->
          <reporter-output>
          </reporter-output>
        </test-method> <!-- testSettings -->
        <test-method status="PASS" signature="testLogout()[pri:0, instance:com.moji.appium.testcases.testmoji@28d25987]" name="testLogout" duration-ms="0" started-at="2017-06-06T19:06:03Z" finished-at="2017-06-06T19:06:03Z">
          <reporter-output>
          </reporter-output>
        </test-method> <!-- testLogout -->
        <test-method status="PASS" signature="aftertest()[pri:0, instance:com.moji.appium.testcases.testmoji@28d25987]" name="aftertest" is-config="true" duration-ms="4895" started-at="2017-06-06T19:06:09Z" finished-at="2017-06-06T19:06:14Z">
          <reporter-output>
          </reporter-output>
        </test-method> <!-- aftertest -->
      </class> <!-- com.moji.appium.testcases.testmoji -->
      <class name="com.moji.appium.testcases.testmoji2">
        <test-method status="PASS" signature="setUp()[pri:0, instance:com.moji.appium.testcases.testmoji2@4501b7af]" name="setUp" is-config="true" duration-ms="17792" started-at="2017-06-06T19:06:14Z" finished-at="2017-06-06T19:06:32Z">
          <reporter-output>
          </reporter-output>
        </test-method> <!-- setUp -->
        <test-method status="PASS" signature="testLogin()[pri:0, instance:com.moji.appium.testcases.testmoji2@4501b7af]" name="testLogin" duration-ms="173" started-at="2017-06-06T19:06:32Z" finished-at="2017-06-06T19:06:32Z">
          <reporter-output>
          </reporter-output>
        </test-method> <!-- testLogin -->
        <test-method status="PASS" signature="testLogout()[pri:0, instance:com.moji.appium.testcases.testmoji2@4501b7af]" name="testLogout" duration-ms="0" started-at="2017-06-06T19:06:32Z" finished-at="2017-06-06T19:06:32Z">
          <reporter-output>
          </reporter-output>
        </test-method> <!-- testLogout -->
        <test-method status="FAIL" signature="testSettings()[pri:0, instance:com.moji.appium.testcases.testmoji2@4501b7af]" name="testSettings" duration-ms="4304" started-at="2017-06-06T19:06:32Z" finished-at="2017-06-06T19:06:36Z">
          <exception class="org.openqa.selenium.NoSuchElementException">
            <message>
              <![CDATA[An element could not be located on the page using the given search parameters. (WARNING: The server did not provide any stacktrace information)
Command duration or timeout: 4.30 seconds
For documentation on this error, please visit: http://seleniumhq.org/exceptions/no_such_element.html
Build info: version: '2.53.0', revision: '35ae25b1534ae328c771e0856c93e187490ca824', time: '2016-03-15 10:43:46'
System info: host: 'px-PC', ip: '192.168.42.84', os.name: 'Windows 7', os.arch: 'amd64', os.version: '6.1', java.version: '1.8.0_131'
Driver info: com.moji.appium.base.AndroidDriverBase
Capabilities [{appPackage=com.moji.mjweather, noReset=true, deviceName=MSM8926, platform=LINUX, deviceUDID=MSM8926, desired={appPackage=com.moji.mjweather, appActivity=LauncherActivity, app=g:\apps\moji.apk, noReset=true, noSign=true, newCommandTimeout=600, unicodeKeyboard=true, udid=MSM8926, platformName=Android, deviceName=MSM8926, resetKeyboard=true}, newCommandTimeout=600, platformVersion=4.3, webStorageEnabled=false, takesScreenshot=true, javascriptEnabled=true, unicodeKeyboard=true, udid=MSM8926, platformName=Android, deviceManufacturer=ZTE, resetKeyboard=true, app=g:\apps\moji.apk, deviceScreenSize=720x1280, networkConnectionEnabled=true, noSign=true, warnings={}, databaseEnabled=false, appActivity=LauncherActivity, locationContextEnabled=false, deviceModel=N9180}]
Session ID: 7f7c674c-519d-434c-a7c7-ee5359a50d27
*** Element info: {Using=id, value=Settings}]]>
            </message>
            <full-stacktrace>
              <![CDATA[org.openqa.selenium.NoSuchElementException: An element could not be located on the page using the given search parameters. (WARNING: The server did not provide any stacktrace information)
Command duration or timeout: 4.30 seconds
For documentation on this error, please visit: http://seleniumhq.org/exceptions/no_such_element.html
Build info: version: '2.53.0', revision: '35ae25b1534ae328c771e0856c93e187490ca824', time: '2016-03-15 10:43:46'
System info: host: 'px-PC', ip: '192.168.42.84', os.name: 'Windows 7', os.arch: 'amd64', os.version: '6.1', java.version: '1.8.0_131'
Driver info: com.moji.appium.base.AndroidDriverBase
Capabilities [{appPackage=com.moji.mjweather, noReset=true, deviceName=MSM8926, platform=LINUX, deviceUDID=MSM8926, desired={appPackage=com.moji.mjweather, appActivity=LauncherActivity, app=g:\apps\moji.apk, noReset=true, noSign=true, newCommandTimeout=600, unicodeKeyboard=true, udid=MSM8926, platformName=Android, deviceName=MSM8926, resetKeyboard=true}, newCommandTimeout=600, platformVersion=4.3, webStorageEnabled=false, takesScreenshot=true, javascriptEnabled=true, unicodeKeyboard=true, udid=MSM8926, platformName=Android, deviceManufacturer=ZTE, resetKeyboard=true, app=g:\apps\moji.apk, deviceScreenSize=720x1280, networkConnectionEnabled=true, noSign=true, warnings={}, databaseEnabled=false, appActivity=LauncherActivity, locationContextEnabled=false, deviceModel=N9180}]
Session ID: 7f7c674c-519d-434c-a7c7-ee5359a50d27
*** Element info: {Using=id, value=Settings}
	at sun.reflect.NativeConstructorAccessorImpl.newInstance0(Native Method)
	at sun.reflect.NativeConstructorAccessorImpl.newInstance(Unknown Source)
	at sun.reflect.DelegatingConstructorAccessorImpl.newInstance(Unknown Source)
	at java.lang.reflect.Constructor.newInstance(Unknown Source)
	at org.openqa.selenium.remote.ErrorHandler.createThrowable(ErrorHandler.java:206)
	at org.openqa.selenium.remote.ErrorHandler.throwIfResponseFailed(ErrorHandler.java:158)
	at org.openqa.selenium.remote.RemoteWebDriver.execute(RemoteWebDriver.java:678)
	at io.appium.java_client.DefaultGenericMobileDriver.execute(DefaultGenericMobileDriver.java:43)
	at io.appium.java_client.AppiumDriver.execute(AppiumDriver.java:1)
	at io.appium.java_client.android.AndroidDriver.execute(AndroidDriver.java:1)
	at com.moji.appium.base.AndroidDriverBase.execute(AndroidDriverBase.java:1)
	at org.openqa.selenium.remote.RemoteWebDriver.findElement(RemoteWebDriver.java:363)
	at org.openqa.selenium.remote.RemoteWebDriver.findElementById(RemoteWebDriver.java:413)
	at io.appium.java_client.DefaultGenericMobileDriver.findElementById(DefaultGenericMobileDriver.java:59)
	at io.appium.java_client.AppiumDriver.findElementById(AppiumDriver.java:1)
	at io.appium.java_client.android.AndroidDriver.findElementById(AndroidDriver.java:1)
	at com.moji.appium.base.AndroidDriverBase.findElementById(AndroidDriverBase.java:1)
	at com.moji.appium.testcases.testmoji2.testSettings(testmoji2.java:32)
	at sun.reflect.NativeMethodAccessorImpl.invoke0(Native Method)
	at sun.reflect.NativeMethodAccessorImpl.invoke(Unknown Source)
	at sun.reflect.DelegatingMethodAccessorImpl.invoke(Unknown Source)
	at java.lang.reflect.Method.invoke(Unknown Source)
	at org.testng.internal.MethodInvocationHelper.invokeMethod(MethodInvocationHelper.java:86)
	at org.testng.internal.Invoker.invokeMethod(Invoker.java:643)
	at org.testng.internal.Invoker.invokeTestMethod(Invoker.java:820)
	at org.testng.internal.Invoker.invokeTestMethods(Invoker.java:1128)
	at org.testng.internal.TestMethodWorker.invokeTestMethods(TestMethodWorker.java:129)
	at org.testng.internal.TestMethodWorker.run(TestMethodWorker.java:112)
	at org.testng.TestRunner.privateRun(TestRunner.java:782)
	at org.testng.TestRunner.run(TestRunner.java:632)
	at org.testng.SuiteRunner.runTest(SuiteRunner.java:366)
	at org.testng.SuiteRunner.access$000(SuiteRunner.java:39)
	at org.testng.SuiteRunner$SuiteWorker.run(SuiteRunner.java:400)
	at org.testng.internal.thread.ThreadUtil$2.call(ThreadUtil.java:64)
	at java.util.concurrent.FutureTask.run(Unknown Source)
	at java.util.concurrent.ThreadPoolExecutor.runWorker(Unknown Source)
	at java.util.concurrent.ThreadPoolExecutor$Worker.run(Unknown Source)
	at java.lang.Thread.run(Unknown Source)
]]>
            </full-stacktrace>
          </exception> <!-- org.openqa.selenium.NoSuchElementException -->
          <reporter-output>
          </reporter-output>
        </test-method> <!-- testSettings -->
        <test-method status="PASS" signature="aftertest()[pri:0, instance:com.moji.appium.testcases.testmoji2@4501b7af]" name="aftertest" is-config="true" duration-ms="4986" started-at="2017-06-06T19:06:39Z" finished-at="2017-06-06T19:06:44Z">
          <reporter-output>
          </reporter-output>
        </test-method> <!-- aftertest -->
      </class> <!-- com.moji.appium.testcases.testmoji2 -->
    </test> <!-- MSM8926 -->
  </suite> <!-- Suite -->
</testng-results>
